<?xml version="1.0" encoding="UTF-8"?>
<!-- Generated by org.testng.reporters.JUnitXMLReporter -->
<testsuite hostname="Sampada-PC" ignored="0" name="Test" tests="2" failures="1" timestamp="26 Dec 2019 06:57:35 GMT" time="9.306" errors="0">
  <testcase name="CheckLogin" time="8.772" classname="com.btes.orangehrm.com.orangeHRM.Emp.LoginTest"/>
  <testcase name="CheckTitle" time="0.118" classname="com.btes.orangehrm.com.orangeHRM.Emp.LoginTest">
    <failure type="java.lang.AssertionError" message="expected [OrangeHRM] but found [OrnageHRM]">
      <![CDATA[java.lang.AssertionError: expected [OrangeHRM] but found [OrnageHRM]
at com.btes.orangehrm.com.orangeHRM.Emp.LoginTest.CheckTitle(LoginTest.java:13)
... Removed 31 stack frames]]>
    </failure>
  </testcase> <!-- CheckTitle -->
</testsuite> <!-- Test -->
