<?xml version="1.0" encoding="UTF-8"?>
<testng-results skipped="0" failed="0" ignored="0" total="2" passed="2">
  <reporter-output>
  </reporter-output>
  <suite name="Suite" duration-ms="3617" started-at="2019-12-24T06:07:06Z" finished-at="2019-12-24T06:07:10Z">
    <groups>
    </groups>
    <test name="Test" duration-ms="3617" started-at="2019-12-24T06:07:06Z" finished-at="2019-12-24T06:07:10Z">
      <class name="com.btes.com.btes.mar.LoginTest">
        <test-method status="PASS" signature="Launch()[pri:0, instance:com.btes.com.btes.mar.LoginTest@addb54]" name="Launch" is-config="true" duration-ms="13861" started-at="2019-12-24T06:06:53Z" finished-at="2019-12-24T06:07:06Z">
          <reporter-output>
          </reporter-output>
        </test-method> <!-- Launch -->
        <test-method status="PASS" signature="CheckTitle()[pri:0, instance:com.btes.com.btes.mar.LoginTest@addb54]" name="CheckTitle" duration-ms="153" started-at="2019-12-24T06:07:07Z" finished-at="2019-12-24T06:07:07Z">
          <reporter-output>
          </reporter-output>
        </test-method> <!-- CheckTitle -->
        <test-method status="PASS" signature="Login()[pri:0, instance:com.btes.com.btes.mar.LoginTest@addb54]" name="Login" duration-ms="3313" started-at="2019-12-24T06:07:07Z" finished-at="2019-12-24T06:07:10Z">
          <reporter-output>
          </reporter-output>
        </test-method> <!-- Login -->
        <test-method status="PASS" signature="close_Browser()[pri:0, instance:com.btes.com.btes.mar.LoginTest@addb54]" name="close_Browser" is-config="true" duration-ms="1589" started-at="2019-12-24T06:07:10Z" finished-at="2019-12-24T06:07:12Z">
          <reporter-output>
          </reporter-output>
        </test-method> <!-- close_Browser -->
      </class> <!-- com.btes.com.btes.mar.LoginTest -->
    </test> <!-- Test -->
  </suite> <!-- Suite -->
</testng-results>
