<?xml version="1.0" encoding="UTF-8"?>
<!-- Generated by org.testng.reporters.JUnitXMLReporter -->
<testsuite hostname="Sampada-PC" ignored="0" name="Test" tests="2" failures="1" timestamp="26 Dec 2019 07:43:59 GMT" time="7.85" errors="0">
  <testcase name="CheckLogin" time="7.552" classname="com.btes.orangehrm.com.orangeHRM.Emp.LoginTest"/>
  <testcase name="CheckTitle" time="0.02" classname="com.btes.orangehrm.com.orangeHRM.Emp.LoginTest">
    <failure type="java.lang.AssertionError" message="expected [OrangeHRM] but found [OrnageHRM]">
      <![CDATA[java.lang.AssertionError: expected [OrangeHRM] but found [OrnageHRM]
at com.btes.orangehrm.com.orangeHRM.Emp.LoginTest.CheckTitle(LoginTest.java:13)
... Removed 35 stack frames]]>
    </failure>
  </testcase> <!-- CheckTitle -->
</testsuite> <!-- Test -->
