<?xml version="1.0" encoding="UTF-8"?>
<!-- Generated by org.testng.reporters.JUnitXMLReporter -->
<testsuite hostname="Sampada-PC" ignored="0" name="Test" tests="4" failures="0" timestamp="23 Dec 2019 07:00:57 GMT" time="69.647" errors="0">
  <testcase name="Launch" time="34.189" classname="TestNg.parallelDemo"/>
  <testcase name="Launch" time="34.391" classname="TestNg.ParallelClasses"/>
  <testcase name="Launch1" time="22.917" classname="TestNg.parallelDemo"/>
  <testcase name="Launch2" time="12.406" classname="TestNg.parallelDemo"/>
</testsuite> <!-- Test -->
