<?xml version="1.0" encoding="UTF-8"?>
<testng-results skipped="0" failed="0" ignored="0" total="4" passed="4">
  <reporter-output>
  </reporter-output>
  <suite name="Suite" duration-ms="69647" started-at="2019-12-23T06:59:48Z" finished-at="2019-12-23T07:00:57Z">
    <groups>
    </groups>
    <test name="Test" duration-ms="69647" started-at="2019-12-23T06:59:48Z" finished-at="2019-12-23T07:00:57Z">
      <class name="TestNg.parallelDemo">
        <test-method status="PASS" signature="Launch()[pri:0, instance:TestNg.parallelDemo@acaea5]" name="Launch" duration-ms="34189" started-at="2019-12-23T06:59:48Z" finished-at="2019-12-23T07:00:22Z">
          <reporter-output>
          </reporter-output>
        </test-method> <!-- Launch -->
        <test-method status="PASS" signature="Launch1()[pri:0, instance:TestNg.parallelDemo@acaea5]" name="Launch1" duration-ms="22917" started-at="2019-12-23T07:00:22Z" finished-at="2019-12-23T07:00:45Z">
          <reporter-output>
          </reporter-output>
        </test-method> <!-- Launch1 -->
        <test-method status="PASS" signature="Launch2()[pri:0, instance:TestNg.parallelDemo@acaea5]" name="Launch2" duration-ms="12406" started-at="2019-12-23T07:00:45Z" finished-at="2019-12-23T07:00:57Z">
          <reporter-output>
          </reporter-output>
        </test-method> <!-- Launch2 -->
      </class> <!-- TestNg.parallelDemo -->
      <class name="TestNg.ParallelClasses">
        <test-method status="PASS" signature="Launch()[pri:0, instance:TestNg.ParallelClasses@1fa1d9b]" name="Launch" duration-ms="34391" started-at="2019-12-23T06:59:48Z" finished-at="2019-12-23T07:00:22Z">
          <reporter-output>
          </reporter-output>
        </test-method> <!-- Launch -->
      </class> <!-- TestNg.ParallelClasses -->
    </test> <!-- Test -->
  </suite> <!-- Suite -->
</testng-results>
