<?xml version="1.0" encoding="UTF-8"?>
<!-- Generated by org.testng.reporters.JUnitXMLReporter -->
<testsuite hostname="Sampada-PC" ignored="0" name="Default test" tests="3" failures="0" timestamp="23 Dec 2019 06:55:58 GMT" time="69.662" errors="0">
  <testcase name="Launch" time="29.286" classname="TestNg.parallelDemo"/>
  <testcase name="Launch1" time="17.947" classname="TestNg.parallelDemo"/>
  <testcase name="Launch2" time="22.295" classname="TestNg.parallelDemo"/>
</testsuite> <!-- Default test -->
